<?xml version="1.0" encoding="UTF-8"?>
<coverage generated="1542822062857" clover="3.2.0">
  <project timestamp="1542822062857" name="All files">
    <metrics statements="18" coveredstatements="17" conditionals="4" coveredconditionals="3" methods="9" coveredmethods="8" elements="31" coveredelements="28" complexity="0" loc="18" ncloc="18" packages="1" files="1" classes="1">
      <file name="index.js" path="/Users/orie/Desktop/Transmute/transmute/packages/transmute-adapter-memory/src/index.js">
        <metrics statements="18" coveredstatements="17" conditionals="4" coveredconditionals="3" methods="9" coveredmethods="8"/>
        <line num="1" count="1" type="stmt"/>
        <line num="2" count="1" type="stmt"/>
        <line num="3" count="1" type="stmt"/>
        <line num="7" count="1" type="cond" truecount="2" falsecount="0"/>
        <line num="18" count="0" type="stmt"/>
        <line num="30" count="2" type="stmt"/>
        <line num="34" count="2" type="stmt"/>
        <line num="35" count="2" type="stmt"/>
        <line num="36" count="2" type="stmt"/>
        <line num="37" count="2" type="cond" truecount="1" falsecount="1"/>
        <line num="38" count="2" type="stmt"/>
        <line num="44" count="2" type="stmt"/>
        <line num="45" count="2" type="stmt"/>
        <line num="49" count="1" type="stmt"/>
        <line num="53" count="1" type="stmt"/>
        <line num="56" count="1" type="stmt"/>
        <line num="57" count="1" type="stmt"/>
        <line num="61" count="1" type="stmt"/>
      </file>
    </metrics>
  </project>
</coverage>
