{"/Users/orie/Desktop/Transmute/transmute/packages/transmute-adapter-memory/src/index.js": {"path":"/Users/orie/Desktop/Transmute/transmute/packages/transmute-adapter-memory/src/index.js","statementMap":{"0":{"start":{"line":1,"column":13},"end":{"line":1,"column":28}},"1":{"start":{"line":2,"column":15},"end":{"line":2,"column":37}},"2":{"start":{"line":3,"column":20},"end":{"line":3,"column":42}},"3":{"start":{"line":7,"column":4},"end":{"line":7,"column":23}},"4":{"start":{"line":18,"column":4},"end":{"line":18,"column":66}},"5":{"start":{"line":30,"column":4},"end":{"line":30,"column":77}},"6":{"start":{"line":34,"column":19},"end":{"line":34,"column":45}},"7":{"start":{"line":35,"column":4},"end":{"line":40,"column":7}},"8":{"start":{"line":36,"column":6},"end":{"line":39,"column":9}},"9":{"start":{"line":37,"column":8},"end":{"line":38,"column":49}},"10":{"start":{"line":37,"column":17},"end":{"line":37,"column":29}},"11":{"start":{"line":38,"column":13},"end":{"line":38,"column":49}},"12":{"start":{"line":44,"column":20},"end":{"line":44,"column":57}},"13":{"start":{"line":45,"column":4},"end":{"line":45,"column":46}},"14":{"start":{"line":49,"column":4},"end":{"line":49,"column":24}},"15":{"start":{"line":53,"column":16},"end":{"line":55,"column":5}},"16":{"start":{"line":56,"column":4},"end":{"line":56,"column":25}},"17":{"start":{"line":57,"column":4},"end":{"line":57,"column":15}},"18":{"start":{"line":61,"column":0},"end":{"line":61,"column":39}}},"fnMap":{"0":{"name":"(anonymous_0)","decl":{"start":{"line":6,"column":2},"end":{"line":6,"column":3}},"loc":{"start":{"line":6,"column":18},"end":{"line":8,"column":3}},"line":6},"1":{"name":"(anonymous_1)","decl":{"start":{"line":17,"column":2},"end":{"line":17,"column":3}},"loc":{"start":{"line":17,"column":27},"end":{"line":19,"column":3}},"line":17},"2":{"name":"(anonymous_2)","decl":{"start":{"line":29,"column":2},"end":{"line":29,"column":3}},"loc":{"start":{"line":29,"column":31},"end":{"line":31,"column":3}},"line":29},"3":{"name":"(anonymous_3)","decl":{"start":{"line":33,"column":2},"end":{"line":33,"column":3}},"loc":{"start":{"line":33,"column":34},"end":{"line":41,"column":3}},"line":33},"4":{"name":"(anonymous_4)","decl":{"start":{"line":35,"column":23},"end":{"line":35,"column":24}},"loc":{"start":{"line":35,"column":44},"end":{"line":40,"column":5}},"line":35},"5":{"name":"(anonymous_5)","decl":{"start":{"line":36,"column":39},"end":{"line":36,"column":40}},"loc":{"start":{"line":36,"column":57},"end":{"line":39,"column":7}},"line":36},"6":{"name":"(anonymous_6)","decl":{"start":{"line":43,"column":2},"end":{"line":43,"column":3}},"loc":{"start":{"line":43,"column":35},"end":{"line":46,"column":3}},"line":43},"7":{"name":"(anonymous_7)","decl":{"start":{"line":48,"column":2},"end":{"line":48,"column":3}},"loc":{"start":{"line":48,"column":22},"end":{"line":50,"column":3}},"line":48},"8":{"name":"(anonymous_8)","decl":{"start":{"line":52,"column":2},"end":{"line":52,"column":3}},"loc":{"start":{"line":52,"column":25},"end":{"line":58,"column":3}},"line":52}},"branchMap":{"0":{"loc":{"start":{"line":7,"column":14},"end":{"line":7,"column":22}},"type":"binary-expr","locations":[{"start":{"line":7,"column":14},"end":{"line":7,"column":16}},{"start":{"line":7,"column":20},"end":{"line":7,"column":22}}],"line":7},"1":{"loc":{"start":{"line":37,"column":8},"end":{"line":38,"column":49}},"type":"if","locations":[{"start":{"line":37,"column":8},"end":{"line":38,"column":49}},{"start":{"line":37,"column":8},"end":{"line":38,"column":49}}],"line":37}},"s":{"0":1,"1":1,"2":1,"3":1,"4":0,"5":2,"6":2,"7":2,"8":2,"9":2,"10":0,"11":2,"12":2,"13":2,"14":1,"15":1,"16":1,"17":1,"18":1},"f":{"0":1,"1":0,"2":2,"3":2,"4":2,"5":2,"6":2,"7":1,"8":1},"b":{"0":[1,1],"1":[0,2]},"_coverageSchema":"332fd63041d2c1bcb487cc26dd0d5f7d97098a6c","hash":"95919194bc047584057f87b128ecf0fa5d4ebdbb"}
}
