TN:
SF:/Users/orie/Desktop/Transmute/transmute/packages/transmute-adapter-memory/src/index.js
FN:6,(anonymous_0)
FN:17,(anonymous_1)
FN:29,(anonymous_2)
FN:33,(anonymous_3)
FN:35,(anonymous_4)
FN:36,(anonymous_5)
FN:43,(anonymous_6)
FN:48,(anonymous_7)
FN:52,(anonymous_8)
FNF:9
FNH:8
FNDA:1,(anonymous_0)
FNDA:0,(anonymous_1)
FNDA:2,(anonymous_2)
FNDA:2,(anonymous_3)
FNDA:2,(anonymous_4)
FNDA:2,(anonymous_5)
FNDA:2,(anonymous_6)
FNDA:1,(anonymous_7)
FNDA:1,(anonymous_8)
DA:1,1
DA:2,1
DA:3,1
DA:7,1
DA:18,0
DA:30,2
DA:34,2
DA:35,2
DA:36,2
DA:37,2
DA:38,2
DA:44,2
DA:45,2
DA:49,1
DA:53,1
DA:56,1
DA:57,1
DA:61,1
LF:18
LH:17
BRDA:7,0,0,1
BRDA:7,0,1,1
BRDA:37,1,0,0
BRDA:37,1,1,2
BRF:4
BRH:3
end_of_record
