{"contracts/EventStore.sol":{"l":{"12":1,"17":0,"21":0,"22":0,"31":0,"35":0,"36":0},"path":"/Users/orie/OR13/transmute/packages/transmute-eventstore/contracts/EventStore.sol","s":{"1":1,"2":0,"3":0,"4":0,"5":0,"6":0},"b":{"1":[0,0],"2":[0,0]},"f":{"1":1,"2":0,"3":0,"4":0,"5":0},"fnMap":{"1":{"name":"EventStore","line":11,"loc":{"start":{"line":11,"column":4},"end":{"line":11,"column":30}}},"2":{"name":"count","line":15,"loc":{"start":{"line":15,"column":4},"end":{"line":16,"column":19}}},"3":{"name":"write","line":20,"loc":{"start":{"line":20,"column":4},"end":{"line":20,"column":51}}},"4":{"name":"read","line":29,"loc":{"start":{"line":29,"column":4},"end":{"line":30,"column":47}}},"5":{"name":"destroy","line":34,"loc":{"start":{"line":34,"column":4},"end":{"line":34,"column":41}}}},"statementMap":{"1":{"start":{"line":12,"column":8},"end":{"line":12,"column":25}},"2":{"start":{"line":17,"column":8},"end":{"line":17,"column":34}},"3":{"start":{"line":21,"column":8},"end":{"line":21,"column":35}},"4":{"start":{"line":31,"column":8},"end":{"line":31,"column":47}},"5":{"start":{"line":35,"column":8},"end":{"line":35,"column":35}},"6":{"start":{"line":36,"column":8},"end":{"line":36,"column":27}}},"branchMap":{"1":{"line":21,"type":"if","locations":[{"start":{"line":21,"column":8},"end":{"line":21,"column":8}},{"start":{"line":21,"column":8},"end":{"line":21,"column":8}}]},"2":{"line":35,"type":"if","locations":[{"start":{"line":35,"column":8},"end":{"line":35,"column":8}},{"start":{"line":35,"column":8},"end":{"line":35,"column":8}}]}}},"contracts/EventStoreLib.sol":{"l":{"28":0,"29":0,"30":0,"31":0,"32":0,"33":0,"34":0,"35":0,"40":0,"41":0},"path":"/Users/orie/OR13/transmute/packages/transmute-eventstore/contracts/EventStoreLib.sol","s":{"1":0,"2":0,"3":0,"4":0,"5":0,"6":0,"7":0,"8":0},"b":{},"f":{"1":0,"2":0},"fnMap":{"1":{"name":"write","line":23,"loc":{"start":{"line":23,"column":4},"end":{"line":27,"column":29}}},"2":{"name":"read","line":38,"loc":{"start":{"line":38,"column":4},"end":{"line":39,"column":48}}}},"statementMap":{"1":{"start":{"line":29,"column":8},"end":{"line":29,"column":37}},"2":{"start":{"line":30,"column":8},"end":{"line":30,"column":30}},"3":{"start":{"line":31,"column":8},"end":{"line":31,"column":20}},"4":{"start":{"line":32,"column":8},"end":{"line":32,"column":24}},"5":{"start":{"line":33,"column":8},"end":{"line":33,"column":64}},"6":{"start":{"line":35,"column":8},"end":{"line":35,"column":24}},"7":{"start":{"line":40,"column":8},"end":{"line":40,"column":59}},"8":{"start":{"line":41,"column":8},"end":{"line":41,"column":1013}}},"branchMap":{}}}